<?xml version="1.0" encoding="UTF-8"?>
<!-- Generated by org.testng.reporters.JUnitReportReporter -->
<testsuite hostname="5CD2188LZT" failures="0" tests="1" name="org.test.qa.Test1" time="8.380" errors="0" timestamp="2024-10-09T12:41:23 IST" skipped="0">
  <testcase classname="org.test.qa.Test1" name="TC001" time="8.380"/>
  <system-out/>
</testsuite> <!-- org.test.qa.Test1 -->
